# JRE version: Java(TM) SE Runtime Environment (12.0.2+10) (build 12.0.2+10)
# Java VM: Java HotSpot(TM) 64-Bit Server VM (12.0.2+10, mixed mode, sharing, tiered, compressed oops, g1 gc, windows-amd64)
Heap:
 garbage-first heap   total 138240K, used 44767K [0x0000000081400000, 0x0000000100000000)
  region size 1024K, 2 young (2048K), 2 survivors (2048K)
 Metaspace       used 67289K, capacity 69628K, committed 69712K, reserved 1118208K
  class space    used 8973K, capacity 9912K, committed 9964K, reserved 1048576K
GC Heap History (10 events):
Event: 26.751 GC heap before
{Heap before GC invocations=25 (full 0):
 garbage-first heap   total 114688K, used 82054K [0x0000000081400000, 0x0000000100000000)
  region size 1024K, 49 young (50176K), 4 survivors (4096K)
 Metaspace       used 65149K, capacity 67453K, committed 67664K, reserved 1107968K
  class space    used 8718K, capacity 9630K, committed 9708K, reserved 1048576K
}
Event: 26.769 GC heap after
{Heap after GC invocations=26 (full 0):
 garbage-first heap   total 114688K, used 38269K [0x0000000081400000, 0x0000000100000000)
  region size 1024K, 6 young (6144K), 6 survivors (6144K)
 Metaspace       used 65149K, capacity 67453K, committed 67664K, reserved 1107968K
  class space    used 8718K, capacity 9630K, committed 9708K, reserved 1048576K
}
Event: 27.898 GC heap before
{Heap before GC invocations=26 (full 0):
 garbage-first heap   total 114688K, used 84349K [0x0000000081400000, 0x0000000100000000)
  region size 1024K, 51 young (52224K), 6 survivors (6144K)
 Metaspace       used 65866K, capacity 68181K, committed 68304K, reserved 1107968K
  class space    used 8824K, capacity 9764K, committed 9836K, reserved 1048576K
}
Event: 27.925 GC heap after
{Heap after GC invocations=27 (full 0):
 garbage-first heap   total 114688K, used 39345K [0x0000000081400000, 0x0000000100000000)
  region size 1024K, 4 young (4096K), 4 survivors (4096K)
 Metaspace       used 65866K, capacity 68181K, committed 68304K, reserved 1107968K
  class space    used 8824K, capacity 9764K, committed 9836K, reserved 1048576K
}
Event: 28.845 GC heap before
{Heap before GC invocations=27 (full 0):
 garbage-first heap   total 114688K, used 86449K [0x0000000081400000, 0x0000000100000000)
  region size 1024K, 50 young (51200K), 4 survivors (4096K)
 Metaspace       used 66185K, capacity 68537K, committed 68816K, reserved 1107968K
  class space    used 8827K, capacity 9767K, committed 9836K, reserved 1048576K
}
Event: 28.864 GC heap after
{Heap after GC invocations=28 (full 0):
 garbage-first heap   total 114688K, used 41898K [0x0000000081400000, 0x0000000100000000)
  region size 1024K, 5 young (5120K), 5 survivors (5120K)
 Metaspace       used 66185K, capacity 68537K, committed 68816K, reserved 1107968K
  class space    used 8827K, capacity 9767K, committed 9836K, reserved 1048576K
}
Event: 29.706 GC heap before
{Heap before GC invocations=28 (full 0):
 garbage-first heap   total 114688K, used 87978K [0x0000000081400000, 0x0000000100000000)
  region size 1024K, 50 young (51200K), 5 survivors (5120K)
 Metaspace       used 66250K, capacity 68579K, committed 68816K, reserved 1107968K
  class space    used 8835K, capacity 9781K, committed 9836K, reserved 1048576K
}
Event: 29.724 GC heap after
{Heap after GC invocations=29 (full 0):
 garbage-first heap   total 138240K, used 44083K [0x0000000081400000, 0x0000000100000000)
  region size 1024K, 5 young (5120K), 5 survivors (5120K)
 Metaspace       used 66250K, capacity 68579K, committed 68816K, reserved 1107968K
  class space    used 8835K, capacity 9781K, committed 9836K, reserved 1048576K
}
Event: 30.929 GC heap before
{Heap before GC invocations=29 (full 0):
 garbage-first heap   total 138240K, used 102451K [0x0000000081400000, 0x0000000100000000)
  region size 1024K, 62 young (63488K), 5 survivors (5120K)
 Metaspace       used 66349K, capacity 68666K, committed 68816K, reserved 1107968K
  class space    used 8852K, capacity 9788K, committed 9836K, reserved 1048576K
}
Event: 30.945 GC heap after
{Heap after GC invocations=30 (full 0):
 garbage-first heap   total 138240K, used 46668K [0x0000000081400000, 0x0000000100000000)
  region size 1024K, 5 young (5120K), 5 survivors (5120K)
 Metaspace       used 66349K, capacity 68666K, committed 68816K, reserved 1107968K
  class space    used 8852K, capacity 9788K, committed 9836K, reserved 1048576K
}

