# JRE version: Java(TM) SE Runtime Environment (12.0.2+10) (build 12.0.2+10)
# Java VM: Java HotSpot(TM) 64-Bit Server VM (12.0.2+10, mixed mode, sharing, tiered, compressed oops, g1 gc, windows-amd64)
Heap:
 garbage-first heap   total 139264K, used 82369K [0x0000000081400000, 0x0000000100000000)
  region size 1024K, 30 young (30720K), 4 survivors (4096K)
 Metaspace       used 72584K, capacity 75097K, committed 75292K, reserved 1114112K
  class space    used 9510K, capacity 10492K, committed 10604K, reserved 1048576K
GC Heap History (10 events):
Event: 65.475 GC heap before
{Heap before GC invocations=46 (full 0):
 garbage-first heap   total 115712K, used 91196K [0x0000000081400000, 0x0000000100000000)
  region size 1024K, 47 young (48128K), 4 survivors (4096K)
 Metaspace       used 69207K, capacity 71613K, committed 71836K, reserved 1112064K
  class space    used 9180K, capacity 10136K, committed 10220K, reserved 1048576K
}
Event: 65.493 GC heap after
{Heap after GC invocations=47 (full 0):
 garbage-first heap   total 139264K, used 49485K [0x0000000081400000, 0x0000000100000000)
  region size 1024K, 5 young (5120K), 5 survivors (5120K)
 Metaspace       used 69207K, capacity 71613K, committed 71836K, reserved 1112064K
  class space    used 9180K, capacity 10136K, committed 10220K, reserved 1048576K
}
Event: 67.215 GC heap before
{Heap before GC invocations=47 (full 0):
 garbage-first heap   total 139264K, used 103757K [0x0000000081400000, 0x0000000100000000)
  region size 1024K, 58 young (59392K), 5 survivors (5120K)
 Metaspace       used 69240K, capacity 71638K, committed 71836K, reserved 1112064K
  class space    used 9183K, capacity 10141K, committed 10220K, reserved 1048576K
}
Event: 67.230 GC heap after
{Heap after GC invocations=48 (full 0):
 garbage-first heap   total 139264K, used 51925K [0x0000000081400000, 0x0000000100000000)
  region size 1024K, 5 young (5120K), 5 survivors (5120K)
 Metaspace       used 69240K, capacity 71638K, committed 71836K, reserved 1112064K
  class space    used 9183K, capacity 10141K, committed 10220K, reserved 1048576K
}
Event: 69.067 GC heap before
{Heap before GC invocations=48 (full 0):
 garbage-first heap   total 139264K, used 106197K [0x0000000081400000, 0x0000000100000000)
  region size 1024K, 58 young (59392K), 5 survivors (5120K)
 Metaspace       used 69460K, capacity 71823K, committed 72092K, reserved 1112064K
  class space    used 9195K, capacity 10154K, committed 10220K, reserved 1048576K
}
Event: 69.078 GC heap after
{Heap after GC invocations=49 (full 0):
 garbage-first heap   total 139264K, used 50827K [0x0000000081400000, 0x0000000100000000)
  region size 1024K, 3 young (3072K), 3 survivors (3072K)
 Metaspace       used 69460K, capacity 71823K, committed 72092K, reserved 1112064K
  class space    used 9195K, capacity 10154K, committed 10220K, reserved 1048576K
}
Event: 70.886 GC heap before
{Heap before GC invocations=49 (full 0):
 garbage-first heap   total 139264K, used 107147K [0x0000000081400000, 0x0000000100000000)
  region size 1024K, 58 young (59392K), 3 survivors (3072K)
 Metaspace       used 69610K, capacity 72025K, committed 72092K, reserved 1112064K
  class space    used 9219K, capacity 10197K, committed 10220K, reserved 1048576K
}
Event: 70.898 GC heap after
{Heap after GC invocations=50 (full 0):
 garbage-first heap   total 139264K, used 53053K [0x0000000081400000, 0x0000000100000000)
  region size 1024K, 5 young (5120K), 5 survivors (5120K)
 Metaspace       used 69610K, capacity 72025K, committed 72092K, reserved 1112064K
  class space    used 9219K, capacity 10197K, committed 10220K, reserved 1048576K
}
Event: 73.475 GC heap before
{Heap before GC invocations=50 (full 0):
 garbage-first heap   total 139264K, used 108349K [0x0000000081400000, 0x0000000100000000)
  region size 1024K, 60 young (61440K), 5 survivors (5120K)
 Metaspace       used 71599K, capacity 74084K, committed 74396K, reserved 1114112K
  class space    used 9410K, capacity 10370K, committed 10476K, reserved 1048576K
}
Event: 73.494 GC heap after
{Heap after GC invocations=51 (full 0):
 garbage-first heap   total 139264K, used 55362K [0x0000000081400000, 0x0000000100000000)
  region size 1024K, 6 young (6144K), 6 survivors (6144K)
 Metaspace       used 71599K, capacity 74084K, committed 74396K, reserved 1114112K
  class space    used 9410K, capacity 10370K, committed 10476K, reserved 1048576K
}

